 
Error Log Generated by Thieves' Guild
Date : 9/5/1995
Program Termination
11
 
Error Log Generated by Thieves' Guild
Date : 9/5/1995
Run-time error occurred
Exitcode = 104
I/O ERROR      :File not open for input
Address of error:
  Segment: 0000
  Offset:  0630
------------------------------------------------
 
Error Log Generated by Thieves' Guild
Date : 9/5/1995
Run-time error occurred
Exitcode = 104
I/O ERROR      :File not open for input
Address of error:
  Segment: 0000
  Offset:  0630
------------------------------------------------
